[debug] [2021-11-25T13:02:07.443Z] ----------------------------------------------------------------------
[debug] [2021-11-25T13:02:07.449Z] Command:       C:\Program Files\nodejs\node.exe C:\Users\baile\AppData\Roaming\npm\node_modules\firebase-tools\lib\bin\firebase.js init
[debug] [2021-11-25T13:02:07.450Z] CLI Version:   9.23.0
[debug] [2021-11-25T13:02:07.450Z] Platform:      win32
[debug] [2021-11-25T13:02:07.450Z] Node Version:  v14.18.1
[debug] [2021-11-25T13:02:07.452Z] Time:          Thu Nov 25 2021 15:02:07 GMT+0200 (Israel Standard Time)
[debug] [2021-11-25T13:02:07.452Z] ----------------------------------------------------------------------
[debug] 
[debug] [2021-11-25T13:02:07.474Z] > command requires scopes: ["email","openid","https://www.googleapis.com/auth/cloudplatformprojects.readonly","https://www.googleapis.com/auth/firebase","https://www.googleapis.com/auth/cloud-platform"]
[debug] [2021-11-25T13:02:07.475Z] > authorizing via signed-in user (baileyhassall@gmail.com)
[info] 
     ######## #### ########  ######## ########     ###     ######  ########
     ##        ##  ##     ## ##       ##     ##  ##   ##  ##       ##
     ######    ##  ########  ######   ########  #########  ######  ######
     ##        ##  ##    ##  ##       ##     ## ##     ##       ## ##
     ##       #### ##     ## ######## ########  ##     ##  ######  ########

You're about to initialize a Firebase project in this directory:

  C:\Users\baile\Desktop\react 2\my-app

[info] 
=== Project Setup
[info] 
[info] First, let's associate this project directory with a Firebase project.
[info] You can create multiple project aliases by running firebase use --add, 
[info] but for now we'll just set up a default project.
[info] 
[debug] [2021-11-25T13:04:56.078Z] >>> [apiv2][query] GET https://firebase.googleapis.com/v1beta1/projects pageSize=100
[debug] [2021-11-25T13:04:57.231Z] <<< [apiv2][status] GET https://firebase.googleapis.com/v1beta1/projects 200
[debug] [2021-11-25T13:04:57.231Z] <<< [apiv2][body] GET https://firebase.googleapis.com/v1beta1/projects [omitted]
[info] i  Using project microblogging-ca743 (microBlogging) 
[info] 
=== Hosting Setup
[info] 
[info] Your public directory is the folder (relative to your project directory) that
[info] will contain Hosting assets to be uploaded with firebase deploy. If you
[info] have a build process for your assets, use your build's output directory.
[info] 
[info] +  Wrote public/404.html 
[debug] [2021-11-25T13:05:16.930Z] >>> [apiv2][query] GET https://www.gstatic.com/firebasejs/releases.json [none]
[debug] [2021-11-25T13:05:17.561Z] <<< [apiv2][status] GET https://www.gstatic.com/firebasejs/releases.json 200
[debug] [2021-11-25T13:05:17.562Z] <<< [apiv2][body] GET https://www.gstatic.com/firebasejs/releases.json {"current":{"version":"9.5.0","browserURL":"https://www.gstatic.com/firebasejs/9.5.0/firebase.js","packageURL":"https://www.gstatic.com/firebasejs/9.5.0/firebase.tgz"},"live":{"version":"9.5","browserURL":"https://www.gstatic.com/firebasejs/live/9.5/firebase.js","packageURL":"https://www.gstatic.com/firebasejs/live/9.5/firebase.tgz"},"components":{"analytics":"https://www.gstatic.com/firebasejs/9.5.0/firebase-analytics.js","app":"https://www.gstatic.com/firebasejs/9.5.0/firebase-app.js","app-check":"https://www.gstatic.com/firebasejs/9.5.0/firebase-app-check.js","auth":"https://www.gstatic.com/firebasejs/9.5.0/firebase-auth.js","auth/cordova":"https://www.gstatic.com/firebasejs/9.5.0/firebase-auth/cordova.js","auth/react-native":"https://www.gstatic.com/firebasejs/9.5.0/firebase-auth/react-native.js","functions":"https://www.gstatic.com/firebasejs/9.5.0/firebase-functions.js","firestore":"https://www.gstatic.com/firebasejs/9.5.0/firebase-firestore.js","firestore/lite":"https://www.gstatic.com/firebasejs/9.5.0/firebase-firestore/lite.js","storage":"https://www.gstatic.com/firebasejs/9.5.0/firebase-storage.js","performance":"https://www.gstatic.com/firebasejs/9.5.0/firebase-performance.js","remote-config":"https://www.gstatic.com/firebasejs/9.5.0/firebase-remote-config.js","messaging":"https://www.gstatic.com/firebasejs/9.5.0/firebase-messaging.js","messaging/sw":"https://www.gstatic.com/firebasejs/9.5.0/firebase-messaging/sw.js","database":"https://www.gstatic.com/firebasejs/9.5.0/firebase-database.js","firestore.memory":"https://www.gstatic.com/firebasejs/9.5.0/firebase-firestore.memory.js"}}
[info] i  Skipping write of public/index.html 
[info] 
[info] i  Detected a .git folder at C:\Users\baile\Desktop\react 2\my-app 
[info] i  Authorizing with GitHub to upload your service account to a GitHub repository's secrets store. 
[info] 
[info] Visit this URL on this device to log in:
[info] https://github.com/login/oauth/authorize?client_id=89cf50f02ac6aaed3484&state=596937656&redirect_uri=http%3A%2F%2Flocalhost%3A9005&scope=read%3Auser%20repo%20public_repo
[info] 
[info] Waiting for authentication...
[debug] [2021-11-25T13:05:59.227Z] >>> HTTP REQUEST POST https://github.com/login/oauth/access_token  
 {"client_id":"89cf50f02ac6aaed3484","client_secret":"3330d14abc895d9a74d5f17cd7a00711fa2c5bf0","code":"0e470474ce2c2729c82c","redirect_uri":"http://localhost:9005","state":"596937656"}
[debug] [2021-11-25T13:05:59.839Z] <<< HTTP RESPONSE 200 {"server":"GitHub.com","date":"Thu, 25 Nov 2021 13:05:59 GMT","content-type":"application/json; charset=utf-8","transfer-encoding":"chunked","vary":"X-PJAX, X-PJAX-Container, Accept-Encoding, Accept, X-Requested-With","permissions-policy":"interest-cohort=()","etag":"W/\"428153266350a1e26ec77f43c5aab673\"","cache-control":"max-age=0, private, must-revalidate","strict-transport-security":"max-age=31536000; includeSubdomains; preload","x-frame-options":"deny","x-content-type-options":"nosniff","x-xss-protection":"0","referrer-policy":"origin-when-cross-origin, strict-origin-when-cross-origin","expect-ct":"max-age=2592000, report-uri=\"https://api.github.com/_private/browser/errors\"","content-security-policy":"default-src 'none'; base-uri 'self'; block-all-mixed-content; child-src github.com/assets-cdn/worker/ gist.github.com/assets-cdn/worker/; connect-src 'self' uploads.github.com objects-origin.githubusercontent.com www.githubstatus.com collector.githubapp.com api.github.com github-cloud.s3.amazonaws.com github-production-repository-file-5c1aeb.s3.amazonaws.com github-production-upload-manifest-file-7fdce7.s3.amazonaws.com github-production-user-asset-6210df.s3.amazonaws.com cdn.optimizely.com logx.optimizely.com/v1/events translator.github.com wss://alive.github.com; font-src github.githubassets.com; form-action 'self' github.com gist.github.com objects-origin.githubusercontent.com; frame-ancestors 'none'; frame-src render.githubusercontent.com viewscreen.githubusercontent.com notebooks.githubusercontent.com; img-src 'self' data: github.githubassets.com identicons.github.com collector.githubapp.com github-cloud.s3.amazonaws.com secured-user-images.githubusercontent.com/ *.githubusercontent.com; manifest-src 'self'; media-src github.com user-images.githubusercontent.com/; script-src github.githubassets.com; style-src 'unsafe-inline' github.githubassets.com; worker-src github.com/assets-cdn/worker/ gist.github.com/assets-cdn/worker/","x-github-request-id":"C74B:17DA:124464F:1338C41:619F8A37"}
[debug] [2021-11-25T13:05:59.858Z] >>> [apiv2][query] GET https://api.github.com/user [none]
[debug] [2021-11-25T13:06:00.503Z] <<< [apiv2][status] GET https://api.github.com/user 200
[debug] [2021-11-25T13:06:00.504Z] <<< [apiv2][body] GET https://api.github.com/user {"login":"bai-bai98","id":77162434,"node_id":"MDQ6VXNlcjc3MTYyNDM0","avatar_url":"https://avatars.githubusercontent.com/u/77162434?v=4","gravatar_id":"","url":"https://api.github.com/users/bai-bai98","html_url":"https://github.com/bai-bai98","followers_url":"https://api.github.com/users/bai-bai98/followers","following_url":"https://api.github.com/users/bai-bai98/following{/other_user}","gists_url":"https://api.github.com/users/bai-bai98/gists{/gist_id}","starred_url":"https://api.github.com/users/bai-bai98/starred{/owner}{/repo}","subscriptions_url":"https://api.github.com/users/bai-bai98/subscriptions","organizations_url":"https://api.github.com/users/bai-bai98/orgs","repos_url":"https://api.github.com/users/bai-bai98/repos","events_url":"https://api.github.com/users/bai-bai98/events{/privacy}","received_events_url":"https://api.github.com/users/bai-bai98/received_events","type":"User","site_admin":false,"name":"bailey","company":null,"blog":"https://api.github.com/users/bai-bai98","location":null,"email":null,"hireable":null,"bio":null,"twitter_username":null,"public_repos":1,"public_gists":0,"followers":0,"following":0,"created_at":"2021-01-08T15:35:24Z","updated_at":"2021-11-16T16:31:33Z","private_gists":0,"total_private_repos":1,"owned_private_repos":1,"disk_usage":1118,"collaborators":0,"two_factor_authentication":false,"plan":{"name":"free","space":976562499,"collaborators":0,"private_repos":10000}}
[info] 
[info] +  Success! Logged into GitHub as bai-bai98 
[info] 
[debug] [2021-11-25T13:07:46.004Z] >>> [apiv2][query] GET https://api.github.com/repos/https://github.com/israeltechchallenge/react-project-2-bai-bai98.git/actions/secrets/public-key type=owner
[debug] [2021-11-25T13:07:46.845Z] <<< [apiv2][status] GET https://api.github.com/repos/https://github.com/israeltechchallenge/react-project-2-bai-bai98.git/actions/secrets/public-key 404
[debug] [2021-11-25T13:07:46.846Z] <<< [apiv2][body] GET https://api.github.com/repos/https://github.com/israeltechchallenge/react-project-2-bai-bai98.git/actions/secrets/public-key {"message":"Not Found","documentation_url":"https://docs.github.com/rest"}
[debug] [2021-11-25T13:07:52.821Z] >>> [apiv2][query] GET https://api.github.com/repos//actions/secrets/public-key type=owner
[debug] [2021-11-25T13:07:53.366Z] <<< [apiv2][status] GET https://api.github.com/repos//actions/secrets/public-key 404
[debug] [2021-11-25T13:07:53.367Z] <<< [apiv2][body] GET https://api.github.com/repos//actions/secrets/public-key {"message":"Not Found","documentation_url":"https://docs.github.com/rest"}
[debug] [2021-11-25T13:07:56.825Z] >>> [apiv2][query] GET https://api.github.com/repos/https://github.com/israeltechchallenge/react-project-2-bai-bai98.git/actions/secrets/public-key type=owner
[debug] [2021-11-25T13:07:57.498Z] <<< [apiv2][status] GET https://api.github.com/repos/https://github.com/israeltechchallenge/react-project-2-bai-bai98.git/actions/secrets/public-key 404
[debug] [2021-11-25T13:07:57.498Z] <<< [apiv2][body] GET https://api.github.com/repos/https://github.com/israeltechchallenge/react-project-2-bai-bai98.git/actions/secrets/public-key {"message":"Not Found","documentation_url":"https://docs.github.com/rest"}
